f:\wss-study\wsparticleeditor\proj.win32\debug.win32\particleemitter.obj
f:\wss-study\wsparticleeditor\proj.win32\debug.win32\particlerenderer.obj
f:\wss-study\wsparticleeditor\proj.win32\debug.win32\updatehelper.obj
f:\wss-study\wsparticleeditor\proj.win32\debug.win32\appdelegate.obj
f:\wss-study\wsparticleeditor\proj.win32\debug.win32\particleuiview.obj
f:\wss-study\wsparticleeditor\proj.win32\debug.win32\filecenter.obj
f:\wss-study\wsparticleeditor\proj.win32\debug.win32\helloworldscene.obj
f:\wss-study\wsparticleeditor\proj.win32\debug.win32\particleemitteradapter.obj
f:\wss-study\wsparticleeditor\proj.win32\debug.win32\vc120.pdb
f:\wss-study\wsparticleeditor\proj.win32\debug.win32\dropdownlist.obj
f:\wss-study\wsparticleeditor\proj.win32\debug.win32\shadersprite.obj
f:\wss-study\wsparticleeditor\proj.win32\debug.win32\main.obj
f:\wss-study\wsparticleeditor\proj.win32\debug.win32\lua_particle_system_auto.obj
f:\wss-study\wsparticleeditor\proj.win32\debug.win32\cocosapifactory.obj
f:\wss-study\wsparticleeditor\proj.win32\debug.win32\cocosapisprite.obj
f:\wss-study\wsparticleeditor\proj.win32\debug.win32\particleapisprite.obj
f:\wss-study\wsparticleeditor\proj.win32\debug.win32\particleproject.lib
f:\wss-study\wsparticleeditor\proj.win32\debug.win32\particleproject.exp
f:\wss-study\wsparticleeditor\proj.win32\debug.win32\game.res
f:\wss-study\wsparticleeditor\proj.win32\debug.win32\particleproject.vcxprojresolveassemblyreference.cache
f:\wss-study\wsparticleeditor\proj.win32\debug.win32\libcocos2d.exp
f:\wss-study\wsparticleeditor\proj.win32\debug.win32\vc120.idb
f:\wss-study\wsparticleeditor\proj.win32\debug.win32\libcocos2d.pdb
f:\wss-study\wsparticleeditor\proj.win32\debug.win32\particleproject.tlog\cl.command.1.tlog
f:\wss-study\wsparticleeditor\proj.win32\debug.win32\particleproject.tlog\cl.read.1.tlog
f:\wss-study\wsparticleeditor\proj.win32\debug.win32\particleproject.tlog\cl.write.1.tlog
f:\wss-study\wsparticleeditor\proj.win32\debug.win32\particleproject.tlog\lib-link-cvtres.read.1.tlog
f:\wss-study\wsparticleeditor\proj.win32\debug.win32\particleproject.tlog\lib-link-cvtres.write.1.tlog
f:\wss-study\wsparticleeditor\proj.win32\debug.win32\particleproject.tlog\lib.command.1.tlog
f:\wss-study\wsparticleeditor\proj.win32\debug.win32\particleproject.tlog\link-cvtres.read.1.tlog
f:\wss-study\wsparticleeditor\proj.win32\debug.win32\particleproject.tlog\link-cvtres.write.1.tlog
f:\wss-study\wsparticleeditor\proj.win32\debug.win32\particleproject.tlog\link-rc.read.1.tlog
f:\wss-study\wsparticleeditor\proj.win32\debug.win32\particleproject.tlog\link-rc.write.1.tlog
f:\wss-study\wsparticleeditor\proj.win32\debug.win32\particleproject.tlog\link.command.1.tlog
f:\wss-study\wsparticleeditor\proj.win32\debug.win32\particleproject.tlog\link.read.1.tlog
f:\wss-study\wsparticleeditor\proj.win32\debug.win32\particleproject.tlog\link.write.1.tlog
f:\wss-study\wsparticleeditor\proj.win32\debug.win32\particleproject.tlog\particleproject.write.1u.tlog
f:\wss-study\wsparticleeditor\proj.win32\debug.win32\particleproject.tlog\rc.command.1.tlog
f:\wss-study\wsparticleeditor\proj.win32\debug.win32\particleproject.tlog\rc.read.1.tlog
f:\wss-study\wsparticleeditor\proj.win32\debug.win32\particleproject.tlog\rc.write.1.tlog
