  复制了 2 个文件
  LuaEventNode.cpp
  lua_cocos2dx_quick_manual.cpp
  lua_cocos2dx_3d_auto.cpp
  lua_cocos2dx_audioengine_auto.cpp
  lua_cocos2dx_auto.cpp
  lua_cocos2dx_cocosbuilder_auto.cpp
..\auto\lua_cocos2dx_auto.cpp(12124): warning C4083: 应输入“(”；找到标识符“NO”
..\auto\lua_cocos2dx_auto.cpp(12166): warning C4083: 应输入“(”；找到标识符“NO”
..\auto\lua_cocos2dx_auto.cpp(17835): warning C4083: 应输入“(”；找到标识符“NO”
..\auto\lua_cocos2dx_auto.cpp(17838): warning C4083: 应输入“(”；找到标识符“NO”
..\auto\lua_cocos2dx_auto.cpp(17950): warning C4083: 应输入“(”；找到标识符“NO”
..\auto\lua_cocos2dx_auto.cpp(18027): warning C4083: 应输入“(”；找到标识符“NO”
..\auto\lua_cocos2dx_auto.cpp(18030): warning C4083: 应输入“(”；找到标识符“NO”
..\auto\lua_cocos2dx_auto.cpp(18070): warning C4083: 应输入“(”；找到标识符“NO”
..\auto\lua_cocos2dx_auto.cpp(18073): warning C4083: 应输入“(”；找到标识符“NO”
..\auto\lua_cocos2dx_auto.cpp(18112): warning C4083: 应输入“(”；找到标识符“NO”
..\auto\lua_cocos2dx_auto.cpp(18150): warning C4083: 应输入“(”；找到标识符“NO”
..\auto\lua_cocos2dx_auto.cpp(18190): warning C4083: 应输入“(”；找到标识符“NO”
  lua_cocos2dx_cocosdenshion_auto.cpp
e:\bowshoot\bowshoot_client\source_code\frameworks\cocos2d-x\cocos\scripting\lua-bindings\auto\lua_cocos2dx_auto.cpp(17845): warning C4700: 使用了未初始化的局部变量“arg2”
e:\bowshoot\bowshoot_client\source_code\frameworks\cocos2d-x\cocos\scripting\lua-bindings\auto\lua_cocos2dx_auto.cpp(17845): warning C4700: 使用了未初始化的局部变量“arg0”
e:\bowshoot\bowshoot_client\source_code\frameworks\cocos2d-x\cocos\scripting\lua-bindings\auto\lua_cocos2dx_auto.cpp(18038): warning C4700: 使用了未初始化的局部变量“arg2”
e:\bowshoot\bowshoot_client\source_code\frameworks\cocos2d-x\cocos\scripting\lua-bindings\auto\lua_cocos2dx_auto.cpp(18038): warning C4700: 使用了未初始化的局部变量“arg0”
e:\bowshoot\bowshoot_client\source_code\frameworks\cocos2d-x\cocos\scripting\lua-bindings\auto\lua_cocos2dx_auto.cpp(18080): warning C4700: 使用了未初始化的局部变量“arg2”
e:\bowshoot\bowshoot_client\source_code\frameworks\cocos2d-x\cocos\scripting\lua-bindings\auto\lua_cocos2dx_auto.cpp(18080): warning C4700: 使用了未初始化的局部变量“arg0”
e:\bowshoot\bowshoot_client\source_code\frameworks\cocos2d-x\cocos\scripting\lua-bindings\auto\lua_cocos2dx_auto.cpp(18119): warning C4700: 使用了未初始化的局部变量“arg1”
e:\bowshoot\bowshoot_client\source_code\frameworks\cocos2d-x\cocos\scripting\lua-bindings\auto\lua_cocos2dx_auto.cpp(18158): warning C4700: 使用了未初始化的局部变量“arg0”
e:\bowshoot\bowshoot_client\source_code\frameworks\cocos2d-x\cocos\scripting\lua-bindings\auto\lua_cocos2dx_auto.cpp(18197): warning C4700: 使用了未初始化的局部变量“arg1”
e:\bowshoot\bowshoot_client\source_code\frameworks\cocos2d-x\cocos\scripting\lua-bindings\auto\lua_cocos2dx_auto.cpp(17958): warning C4700: 使用了未初始化的局部变量“arg0”
  lua_cocos2dx_csloader_auto.cpp
  lua_cocos2dx_experimental_auto.cpp
  lua_cocos2dx_extension_auto.cpp
  lua_cocos2dx_physics_auto.cpp
..\auto\lua_cocos2dx_extension_auto.cpp(15163): warning C4083: 应输入“(”；找到标识符“NO”
e:\bowshoot\bowshoot_client\source_code\frameworks\cocos2d-x\cocos\scripting\lua-bindings\auto\lua_cocos2dx_extension_auto.cpp(15170): warning C4700: 使用了未初始化的局部变量“arg0”
..\auto\lua_cocos2dx_physics_auto.cpp(4918): warning C4083: 应输入“(”；找到标识符“NO”
  lua_cocos2dx_spine_auto.cpp
  lua_cocos2dx_studio_auto.cpp
..\auto\lua_cocos2dx_spine_auto.cpp(289): warning C4083: 应输入“(”；找到标识符“NO”
..\auto\lua_cocos2dx_spine_auto.cpp(598): warning C4083: 应输入“(”；找到标识符“NO”
..\auto\lua_cocos2dx_spine_auto.cpp(648): warning C4083: 应输入“(”；找到标识符“NO”
..\auto\lua_cocos2dx_spine_auto.cpp(862): warning C4083: 应输入“(”；找到标识符“NO”
..\auto\lua_cocos2dx_spine_auto.cpp(879): warning C4083: 应输入“(”；找到标识符“NO”
..\auto\lua_cocos2dx_spine_auto.cpp(1001): warning C4083: 应输入“(”；找到标识符“NO”
..\auto\lua_cocos2dx_spine_auto.cpp(1065): warning C4083: 应输入“(”；找到标识符“NO”
..\auto\lua_cocos2dx_spine_auto.cpp(1109): warning C4083: 应输入“(”；找到标识符“NO”
..\auto\lua_cocos2dx_spine_auto.cpp(1276): warning C4083: 应输入“(”；找到标识符“NO”
..\auto\lua_cocos2dx_spine_auto.cpp(1913): warning C4083: 应输入“(”；找到标识符“NO”
..\auto\lua_cocos2dx_spine_auto.cpp(2151): warning C4083: 应输入“(”；找到标识符“NO”
..\auto\lua_cocos2dx_spine_auto.cpp(2168): warning C4083: 应输入“(”；找到标识符“NO”
..\auto\lua_cocos2dx_spine_auto.cpp(2279): warning C4083: 应输入“(”；找到标识符“NO”
..\auto\lua_cocos2dx_spine_auto.cpp(2296): warning C4083: 应输入“(”；找到标识符“NO”
e:\bowshoot\bowshoot_client\source_code\frameworks\cocos2d-x\cocos\scripting\lua-bindings\auto\lua_cocos2dx_spine_auto.cpp(1014): warning C4700: 使用了未初始化的局部变量“arg0”
e:\bowshoot\bowshoot_client\source_code\frameworks\cocos2d-x\cocos\scripting\lua-bindings\auto\lua_cocos2dx_spine_auto.cpp(865): warning C4700: 使用了未初始化的局部变量“arg1”
e:\bowshoot\bowshoot_client\source_code\frameworks\cocos2d-x\cocos\scripting\lua-bindings\auto\lua_cocos2dx_spine_auto.cpp(885): warning C4700: 使用了未初始化的局部变量“arg1”
e:\bowshoot\bowshoot_client\source_code\frameworks\cocos2d-x\cocos\scripting\lua-bindings\auto\lua_cocos2dx_spine_auto.cpp(1122): warning C4700: 使用了未初始化的局部变量“arg0”
e:\bowshoot\bowshoot_client\source_code\frameworks\cocos2d-x\cocos\scripting\lua-bindings\auto\lua_cocos2dx_spine_auto.cpp(1289): warning C4700: 使用了未初始化的局部变量“arg0”
e:\bowshoot\bowshoot_client\source_code\frameworks\cocos2d-x\cocos\scripting\lua-bindings\auto\lua_cocos2dx_spine_auto.cpp(1926): warning C4700: 使用了未初始化的局部变量“arg0”
e:\bowshoot\bowshoot_client\source_code\frameworks\cocos2d-x\cocos\scripting\lua-bindings\auto\lua_cocos2dx_spine_auto.cpp(2154): warning C4700: 使用了未初始化的局部变量“arg1”
e:\bowshoot\bowshoot_client\source_code\frameworks\cocos2d-x\cocos\scripting\lua-bindings\auto\lua_cocos2dx_spine_auto.cpp(2174): warning C4700: 使用了未初始化的局部变量“arg1”
e:\bowshoot\bowshoot_client\source_code\frameworks\cocos2d-x\cocos\scripting\lua-bindings\auto\lua_cocos2dx_spine_auto.cpp(2282): warning C4700: 使用了未初始化的局部变量“arg1”
e:\bowshoot\bowshoot_client\source_code\frameworks\cocos2d-x\cocos\scripting\lua-bindings\auto\lua_cocos2dx_spine_auto.cpp(2302): warning C4700: 使用了未初始化的局部变量“arg1”
  lua_cocos2dx_ui_auto.cpp
..\auto\lua_cocos2dx_ui_auto.cpp(22248): warning C4083: 应输入“(”；找到标识符“NO”
..\auto\lua_cocos2dx_ui_auto.cpp(22440): warning C4083: 应输入“(”；找到标识符“NO”
..\auto\lua_cocos2dx_ui_auto.cpp(22835): warning C4083: 应输入“(”；找到标识符“NO”
..\auto\lua_cocos2dx_ui_auto.cpp(22996): warning C4083: 应输入“(”；找到标识符“NO”
..\auto\lua_cocos2dx_ui_auto.cpp(27917): warning C4083: 应输入“(”；找到标识符“NO”
..\auto\lua_cocos2dx_ui_auto.cpp(28076): warning C4083: 应输入“(”；找到标识符“NO”
..\auto\lua_cocos2dx_ui_auto.cpp(28318): warning C4083: 应输入“(”；找到标识符“NO”
  lua_feather_auto.cpp
e:\bowshoot\bowshoot_client\source_code\frameworks\cocos2d-x\cocos\scripting\lua-bindings\auto\lua_cocos2dx_ui_auto.cpp(27924): warning C4700: 使用了未初始化的局部变量“arg1”
e:\bowshoot\bowshoot_client\source_code\frameworks\cocos2d-x\cocos\scripting\lua-bindings\auto\lua_cocos2dx_ui_auto.cpp(28083): warning C4700: 使用了未初始化的局部变量“arg1”
e:\bowshoot\bowshoot_client\source_code\frameworks\cocos2d-x\cocos\scripting\lua-bindings\auto\lua_cocos2dx_ui_auto.cpp(28325): warning C4700: 使用了未初始化的局部变量“arg1”
  lua_cocos2dx_3d_manual.cpp
..\manual\3d\lua_cocos2dx_3d_manual.cpp(208): warning C4996: 'lua_cocos2dx_3d_Sprite3D_setBlendFunc01': 被声明为已否决
          ..\manual\3d\lua_cocos2dx_3d_manual.cpp(31) : 参见“lua_cocos2dx_3d_Sprite3D_setBlendFunc01”的声明
..\manual\3d\lua_cocos2dx_3d_manual.cpp(1483): warning C4018: “<=”: 有符号/无符号不匹配
..\manual\3d\lua_cocos2dx_3d_manual.cpp(1502): warning C4018: “<=”: 有符号/无符号不匹配
E:\BowShoot\BowShoot_client\source_code\frameworks\cocos2d-x\cocos\network/HttpRequest.h(243): warning C4996: 'cocos2d::network::HttpRequest::setResponseCallback': 被声明为已否决 (..\auto\lua_feather_auto.cpp)
          E:\BowShoot\BowShoot_client\source_code\frameworks\cocos2d-x\cocos\network/HttpRequest.h(253) : 参见“cocos2d::network::HttpRequest::setResponseCallback”的声明
..\auto\lua_feather_auto.cpp(1851): warning C4083: 应输入“(”；找到标识符“NO”
  CCLuaBridge.cpp
  CCLuaEngine.cpp
  CCLuaStack.cpp
  Cocos2dxLuaLoader.cpp
..\manual\CCLuaStack.cpp(1094): warning C4996: 'cocos2d::FileUtils::getFileData': 被声明为已否决
          e:\bowshoot\bowshoot_client\source_code\frameworks\cocos2d-x\cocos\platform/CCFileUtils.h(111) : 参见“cocos2d::FileUtils::getFileData”的声明
          e:\bowshoot\bowshoot_client\source_code\frameworks\cocos2d-x\cocos\platform/CCFileUtils.h(111) : 参见“cocos2d::FileUtils::getFileData”的声明
..\manual\CCLuaStack.cpp(1136): warning C4018: “<”: 有符号/无符号不匹配
  LuaBasicConversions.cpp
..\manual\Cocos2dxLuaLoader.cpp(90): warning C4996: 'cocos2d::FileUtils::getFileData': 被声明为已否决
          e:\bowshoot\bowshoot_client\source_code\frameworks\cocos2d-x\cocos\platform/CCFileUtils.h(111) : 参见“cocos2d::FileUtils::getFileData”的声明
          e:\bowshoot\bowshoot_client\source_code\frameworks\cocos2d-x\cocos\platform/CCFileUtils.h(111) : 参见“cocos2d::FileUtils::getFileData”的声明
..\manual\Cocos2dxLuaLoader.cpp(98): warning C4996: 'cocos2d::FileUtils::getFileData': 被声明为已否决
          e:\bowshoot\bowshoot_client\source_code\frameworks\cocos2d-x\cocos\platform/CCFileUtils.h(111) : 参见“cocos2d::FileUtils::getFileData”的声明
          e:\bowshoot\bowshoot_client\source_code\frameworks\cocos2d-x\cocos\platform/CCFileUtils.h(111) : 参见“cocos2d::FileUtils::getFileData”的声明
  lua_cocos2dx_audioengine_manual.cpp
  LuaOpengl.cpp
  LuaScriptHandlerMgr.cpp
..\manual\cocos2d\LuaOpengl.cpp(4431): warning C4996: 'cocos2d::DrawPrimitives::drawPoint': 被声明为已否决
          e:\bowshoot\bowshoot_client\source_code\frameworks\cocos2d-x\cocos\2d/CCDrawingPrimitives.h(91) : 参见“cocos2d::DrawPrimitives::drawPoint”的声明
..\manual\cocos2d\LuaOpengl.cpp(4466): warning C4018: “<”: 有符号/无符号不匹配
..\manual\cocos2d\LuaOpengl.cpp(4484): warning C4996: 'cocos2d::DrawPrimitives::drawPoints': 被声明为已否决
          e:\bowshoot\bowshoot_client\source_code\frameworks\cocos2d-x\cocos\2d/CCDrawingPrimitives.h(99) : 参见“cocos2d::DrawPrimitives::drawPoints”的声明
..\manual\cocos2d\LuaOpengl.cpp(4519): warning C4996: 'cocos2d::DrawPrimitives::drawLine': 被声明为已否决
          e:\bowshoot\bowshoot_client\source_code\frameworks\cocos2d-x\cocos\2d/CCDrawingPrimitives.h(106) : 参见“cocos2d::DrawPrimitives::drawLine”的声明
..\manual\cocos2d\LuaOpengl.cpp(4552): warning C4996: 'cocos2d::DrawPrimitives::drawRect': 被声明为已否决
          e:\bowshoot\bowshoot_client\source_code\frameworks\cocos2d-x\cocos\2d/CCDrawingPrimitives.h(114) : 参见“cocos2d::DrawPrimitives::drawRect”的声明
..\manual\cocos2d\LuaOpengl.cpp(4592): warning C4996: 'cocos2d::DrawPrimitives::drawSolidRect': 被声明为已否决
          e:\bowshoot\bowshoot_client\source_code\frameworks\cocos2d-x\cocos\2d/CCDrawingPrimitives.h(124) : 参见“cocos2d::DrawPrimitives::drawSolidRect”的声明
..\manual\cocos2d\LuaOpengl.cpp(4628): warning C4018: “<”: 有符号/无符号不匹配
..\manual\cocos2d\LuaOpengl.cpp(4646): warning C4996: 'cocos2d::DrawPrimitives::drawPoly': 被声明为已否决
          e:\bowshoot\bowshoot_client\source_code\frameworks\cocos2d-x\cocos\2d/CCDrawingPrimitives.h(133) : 参见“cocos2d::DrawPrimitives::drawPoly”的声明
..\manual\cocos2d\LuaOpengl.cpp(4682): warning C4018: “<”: 有符号/无符号不匹配
..\manual\cocos2d\LuaOpengl.cpp(4708): warning C4996: 'cocos2d::DrawPrimitives::drawSolidPoly': 被声明为已否决
          e:\bowshoot\bowshoot_client\source_code\frameworks\cocos2d-x\cocos\2d/CCDrawingPrimitives.h(141) : 参见“cocos2d::DrawPrimitives::drawSolidPoly”的声明
..\manual\cocos2d\LuaOpengl.cpp(4752): warning C4996: 'cocos2d::DrawPrimitives::drawCircle': 被声明为已否决
          e:\bowshoot\bowshoot_client\source_code\frameworks\cocos2d-x\cocos\2d/CCDrawingPrimitives.h(153) : 参见“cocos2d::DrawPrimitives::drawCircle”的声明
..\manual\cocos2d\LuaOpengl.cpp(4790): warning C4996: 'cocos2d::DrawPrimitives::drawSolidCircle': 被声明为已否决
          e:\bowshoot\bowshoot_client\source_code\frameworks\cocos2d-x\cocos\2d/CCDrawingPrimitives.h(173) : 参见“cocos2d::DrawPrimitives::drawSolidCircle”的声明
..\manual\cocos2d\LuaOpengl.cpp(4832): warning C4996: 'cocos2d::DrawPrimitives::drawQuadBezier': 被声明为已否决
          e:\bowshoot\bowshoot_client\source_code\frameworks\cocos2d-x\cocos\2d/CCDrawingPrimitives.h(192) : 参见“cocos2d::DrawPrimitives::drawQuadBezier”的声明
..\manual\cocos2d\LuaOpengl.cpp(4879): warning C4996: 'cocos2d::DrawPrimitives::drawCubicBezier': 被声明为已否决
          e:\bowshoot\bowshoot_client\source_code\frameworks\cocos2d-x\cocos\2d/CCDrawingPrimitives.h(204) : 参见“cocos2d::DrawPrimitives::drawCubicBezier”的声明
..\manual\cocos2d\LuaOpengl.cpp(4925): warning C4996: 'cocos2d::DrawPrimitives::drawCatmullRom': 被声明为已否决
          e:\bowshoot\bowshoot_client\source_code\frameworks\cocos2d-x\cocos\2d/CCDrawingPrimitives.h(213) : 参见“cocos2d::DrawPrimitives::drawCatmullRom”的声明
..\manual\cocos2d\LuaOpengl.cpp(4971): warning C4996: 'cocos2d::DrawPrimitives::drawCardinalSpline': 被声明为已否决
          e:\bowshoot\bowshoot_client\source_code\frameworks\cocos2d-x\cocos\2d/CCDrawingPrimitives.h(223) : 参见“cocos2d::DrawPrimitives::drawCardinalSpline”的声明
..\manual\cocos2d\LuaOpengl.cpp(5003): warning C4996: 'cocos2d::DrawPrimitives::setDrawColor4B': 被声明为已否决
          e:\bowshoot\bowshoot_client\source_code\frameworks\cocos2d-x\cocos\2d/CCDrawingPrimitives.h(233) : 参见“cocos2d::DrawPrimitives::setDrawColor4B”的声明
..\manual\cocos2d\LuaOpengl.cpp(5035): warning C4996: 'cocos2d::DrawPrimitives::setDrawColor4F': 被声明为已否决
          e:\bowshoot\bowshoot_client\source_code\frameworks\cocos2d-x\cocos\2d/CCDrawingPrimitives.h(243) : 参见“cocos2d::DrawPrimitives::setDrawColor4F”的声明
..\manual\cocos2d\LuaOpengl.cpp(5061): warning C4996: 'cocos2d::DrawPrimitives::setPointSize': 被声明为已否决
          e:\bowshoot\bowshoot_client\source_code\frameworks\cocos2d-x\cocos\2d/CCDrawingPrimitives.h(250) : 参见“cocos2d::DrawPrimitives::setPointSize”的声明
..\manual\cocos2d\LuaOpengl.cpp(5086): warning C4996: 'tolua_cocos2d_DrawPrimitives_drawPoint00': 被声明为已否决
          ..\manual\cocos2d\LuaOpengl.cpp(4417) : 参见“tolua_cocos2d_DrawPrimitives_drawPoint00”的声明
..\manual\cocos2d\LuaOpengl.cpp(5087): warning C4996: 'tolua_cocos2d_DrawPrimitives_drawPoints00': 被声明为已否决
          ..\manual\cocos2d\LuaOpengl.cpp(4445) : 参见“tolua_cocos2d_DrawPrimitives_drawPoints00”的声明
..\manual\cocos2d\LuaOpengl.cpp(5088): warning C4996: 'tolua_cocos2d_DrawPrimitives_drawLine00': 被声明为已否决
          ..\manual\cocos2d\LuaOpengl.cpp(4499) : 参见“tolua_cocos2d_DrawPrimitives_drawLine00”的声明
..\manual\cocos2d\LuaOpengl.cpp(5089): warning C4996: 'tolua_cocos2d_DrawPrimitives_drawRect00': 被声明为已否决
          ..\manual\cocos2d\LuaOpengl.cpp(4532) : 参见“tolua_cocos2d_DrawPrimitives_drawRect00”的声明
..\manual\cocos2d\LuaOpengl.cpp(5090): warning C4996: 'tolua_cocos2d_DrawPrimitives_drawSolidRect00': 被声明为已否决
          ..\manual\cocos2d\LuaOpengl.cpp(4565) : 参见“tolua_cocos2d_DrawPrimitives_drawSolidRect00”的声明
..\manual\cocos2d\LuaOpengl.cpp(5091): warning C4996: 'tolua_cocos2d_DrawPrimitives_drawPoly00': 被声明为已否决
          ..\manual\cocos2d\LuaOpengl.cpp(4605) : 参见“tolua_cocos2d_DrawPrimitives_drawPoly00”的声明
..\manual\cocos2d\LuaOpengl.cpp(5092): warning C4996: 'tolua_cocos2d_DrawPrimitives_drawSolidPoly00': 被声明为已否决
          ..\manual\cocos2d\LuaOpengl.cpp(4661) : 参见“tolua_cocos2d_DrawPrimitives_drawSolidPoly00”的声明
..\manual\cocos2d\LuaOpengl.cpp(5093): warning C4996: 'tolua_cocos2d_DrawPrimitives_drawCircle00': 被声明为已否决
          ..\manual\cocos2d\LuaOpengl.cpp(4723) : 参见“tolua_cocos2d_DrawPrimitives_drawCircle00”的声明
..\manual\cocos2d\LuaOpengl.cpp(5094): warning C4996: 'tolua_cocos2d_DrawPrimitives_drawSolidCircle00': 被声明为已否决
          ..\manual\cocos2d\LuaOpengl.cpp(4765) : 参见“tolua_cocos2d_DrawPrimitives_drawSolidCircle00”的声明
..\manual\cocos2d\LuaOpengl.cpp(5095): warning C4996: 'tolua_cocos2d_DrawPrimitives_drawQuadBezier00': 被声明为已否决
          ..\manual\cocos2d\LuaOpengl.cpp(4804) : 参见“tolua_cocos2d_DrawPrimitives_drawQuadBezier00”的声明
..\manual\cocos2d\LuaOpengl.cpp(5096): warning C4996: 'tolua_cocos2d_DrawPrimitives_drawCubicBezier00': 被声明为已否决
          ..\manual\cocos2d\LuaOpengl.cpp(4845) : 参见“tolua_cocos2d_DrawPrimitives_drawCubicBezier00”的声明
..\manual\cocos2d\LuaOpengl.cpp(5097): warning C4996: 'tolua_cocos2d_DrawPrimitives_drawCatmullRom00': 被声明为已否决
          ..\manual\cocos2d\LuaOpengl.cpp(4892) : 参见“tolua_cocos2d_DrawPrimitives_drawCatmullRom00”的声明
..\manual\cocos2d\LuaOpengl.cpp(5098): warning C4996: 'tolua_cocos2d_DrawPrimitives_drawCardinalSpline00': 被声明为已否决
          ..\manual\cocos2d\LuaOpengl.cpp(4938) : 参见“tolua_cocos2d_DrawPrimitives_drawCardinalSpline00”的声明
..\manual\cocos2d\LuaOpengl.cpp(5099): warning C4996: 'tolua_cocos2d_DrawPrimitives_drawColor4B00': 被声明为已否决
          ..\manual\cocos2d\LuaOpengl.cpp(4984) : 参见“tolua_cocos2d_DrawPrimitives_drawColor4B00”的声明
..\manual\cocos2d\LuaOpengl.cpp(5100): warning C4996: 'tolua_cocos2d_DrawPrimitives_drawColor4F00': 被声明为已否决
          ..\manual\cocos2d\LuaOpengl.cpp(5016) : 参见“tolua_cocos2d_DrawPrimitives_drawColor4F00”的声明
..\manual\cocos2d\LuaOpengl.cpp(5101): warning C4996: 'tolua_cocos2d_DrawPrimitives_setPointSize00': 被声明为已否决
          ..\manual\cocos2d\LuaOpengl.cpp(5048) : 参见“tolua_cocos2d_DrawPrimitives_setPointSize00”的声明
  lua_cocos2dx_deprecated.cpp
  lua_cocos2dx_experimental_manual.cpp
..\manual\cocos2d\lua_cocos2dx_deprecated.cpp(1527): warning C4018: “<”: 有符号/无符号不匹配
  lua_cocos2dx_manual.cpp
  lua_cocos2dx_physics_manual.cpp
..\manual\cocos2d\lua_cocos2dx_manual.cpp(273): warning C4018: “<=”: 有符号/无符号不匹配
..\manual\cocos2d\lua_cocos2dx_manual.cpp(422): warning C4018: “<”: 有符号/无符号不匹配
..\manual\cocos2d\lua_cocos2dx_manual.cpp(1755): warning C4018: “<=”: 有符号/无符号不匹配
..\manual\cocos2d\lua_cocos2dx_manual.cpp(2604): warning C4018: “<=”: 有符号/无符号不匹配
..\manual\cocos2d\lua_cocos2dx_manual.cpp(2999): warning C4018: “<”: 有符号/无符号不匹配
..\manual\cocos2d\lua_cocos2dx_manual.cpp(3085): warning C4018: “<”: 有符号/无符号不匹配
..\manual\cocos2d\lua_cocos2dx_manual.cpp(3164): warning C4018: “<”: 有符号/无符号不匹配
..\manual\cocos2d\lua_cocos2dx_manual.cpp(3374): warning C4018: “<”: 有符号/无符号不匹配
..\manual\cocos2d\lua_cocos2dx_manual.cpp(3989): warning C4018: “<=”: 有符号/无符号不匹配
..\manual\cocos2d\lua_cocos2dx_manual.cpp(4063): warning C4018: “<=”: 有符号/无符号不匹配
..\manual\cocos2d\lua_cocos2dx_manual.cpp(4138): warning C4018: “<=”: 有符号/无符号不匹配
..\manual\cocos2d\lua_cocos2dx_manual.cpp(4211): warning C4018: “<=”: 有符号/无符号不匹配
..\manual\cocos2d\lua_cocos2dx_manual.cpp(4286): warning C4018: “<=”: 有符号/无符号不匹配
..\manual\cocos2d\lua_cocos2dx_manual.cpp(5052): warning C4996: 'tolua_cocos2dx_DrawNode_setBlendFunc01': 被声明为已否决
          ..\manual\cocos2d\lua_cocos2dx_manual.cpp(3553) : 参见“tolua_cocos2dx_DrawNode_setBlendFunc01”的声明
..\manual\cocos2d\lua_cocos2dx_manual.cpp(5065): warning C4996: 'tolua_cocos2dx_Sprite_setBlendFunc01': 被声明为已否决
          ..\manual\cocos2d\lua_cocos2dx_manual.cpp(3462) : 参见“tolua_cocos2dx_Sprite_setBlendFunc01”的声明
..\manual\cocos2d\lua_cocos2dx_manual.cpp(5078): warning C4996: 'tolua_cocos2dx_LayerColor_setBlendFunc01': 被声明为已否决
          ..\manual\cocos2d\lua_cocos2dx_manual.cpp(3527) : 参见“tolua_cocos2dx_LayerColor_setBlendFunc01”的声明
..\manual\cocos2d\lua_cocos2dx_manual.cpp(5104): warning C4996: 'tolua_cocos2dx_ParticleSystem_setBlendFunc01': 被声明为已否决
          ..\manual\cocos2d\lua_cocos2dx_manual.cpp(3540) : 参见“tolua_cocos2dx_ParticleSystem_setBlendFunc01”的声明
..\manual\cocos2d\lua_cocos2dx_manual.cpp(5147): warning C4996: 'tolua_cocos2dx_SpriteBatchNode_setBlendFunc01': 被声明为已否决
          ..\manual\cocos2d\lua_cocos2dx_manual.cpp(3475) : 参见“tolua_cocos2dx_SpriteBatchNode_setBlendFunc01”的声明
..\manual\cocos2d\lua_cocos2dx_manual.cpp(5160): warning C4996: 'tolua_cocos2dx_MotionStreak_setBlendFunc01': 被声明为已否决
          ..\manual\cocos2d\lua_cocos2dx_manual.cpp(3488) : 参见“tolua_cocos2dx_MotionStreak_setBlendFunc01”的声明
..\manual\cocos2d\lua_cocos2dx_manual.cpp(5173): warning C4996: 'tolua_cocos2dx_AtlasNode_setBlendFunc01': 被声明为已否决
          ..\manual\cocos2d\lua_cocos2dx_manual.cpp(3501) : 参见“tolua_cocos2dx_AtlasNode_setBlendFunc01”的声明
..\manual\cocos2d\lua_cocos2dx_manual.cpp(5186): warning C4996: 'tolua_cocos2dx_ParticleBatchNode_setBlendFunc01': 被声明为已否决
          ..\manual\cocos2d\lua_cocos2dx_manual.cpp(3514) : 参见“tolua_cocos2dx_ParticleBatchNode_setBlendFunc01”的声明
..\manual\cocos2d\lua_cocos2dx_manual.cpp(6831): warning C4018: “<”: 有符号/无符号不匹配
..\manual\cocos2d\lua_cocos2dx_manual.cpp(7064): warning C4018: “<=”: 有符号/无符号不匹配
  lua_feather_manual.cpp
  CCBProxy.cpp
E:\BowShoot\BowShoot_client\source_code\frameworks\cocos2d-x\cocos\network/HttpRequest.h(243): warning C4996: 'cocos2d::network::HttpRequest::setResponseCallback': 被声明为已否决 (..\manual\cocos2d\lua_feather_manual.cpp)
          E:\BowShoot\BowShoot_client\source_code\frameworks\cocos2d-x\cocos\network/HttpRequest.h(253) : 参见“cocos2d::network::HttpRequest::setResponseCallback”的声明
  lua_cocos2dx_cocosbuilder_manual.cpp
  lua_cocos2dx_cocosdenshion_manual.cpp
  CustomGUIReader.cpp
  lua_cocos2dx_coco_studio_manual.cpp
..\manual\cocostudio\lua_cocos2dx_coco_studio_manual.cpp(386): warning C4996: 'cocostudio::Bone::getIgnoreMovementBoneData': 被声明为已否决
          e:\bowshoot\bowshoot_client\source_code\frameworks\cocos2d-x\cocos\editor-support\cocostudio\CCBone.h(202) : 参见“cocostudio::Bone::getIgnoreMovementBoneData”的声明
          e:\bowshoot\bowshoot_client\source_code\frameworks\cocos2d-x\cocos\editor-support\cocostudio\CCBone.h(202) : 参见“cocostudio::Bone::getIgnoreMovementBoneData”的声明
  lua_cocos2dx_csloader_manual.cpp
  lua_cocos2dx_extension_manual.cpp
  Lua_web_socket.cpp
  lua_cocos2dx_network_manual.cpp
E:\BowShoot\BowShoot_client\source_code\frameworks\cocos2d-x\cocos\network/HttpRequest.h(243): warning C4996: 'cocos2d::network::HttpRequest::setResponseCallback': 被声明为已否决 (..\manual\network\lua_cocos2dx_network_manual.cpp)
          E:\BowShoot\BowShoot_client\source_code\frameworks\cocos2d-x\cocos\network/HttpRequest.h(253) : 参见“cocos2d::network::HttpRequest::setResponseCallback”的声明
  lua_xml_http_request.cpp
E:\BowShoot\BowShoot_client\source_code\frameworks\cocos2d-x\cocos\network/HttpRequest.h(243): warning C4996: 'cocos2d::network::HttpRequest::setResponseCallback': 被声明为已否决 (..\manual\network\lua_xml_http_request.cpp)
          E:\BowShoot\BowShoot_client\source_code\frameworks\cocos2d-x\cocos\network/HttpRequest.h(253) : 参见“cocos2d::network::HttpRequest::setResponseCallback”的声明
  LuaSkeletonAnimation.cpp
..\manual\network\lua_xml_http_request.cpp(317): warning C4102: “tolua_lerror”: 未引用的标签
..\manual\network\lua_xml_http_request.cpp(698): warning C4018: “<”: 有符号/无符号不匹配
  Lua_spSkeletonData.cpp
  lua_cocos2dx_spine_manual.cpp
  tolua_fix.cpp
..\manual\spine\lua_cocos2dx_spine_manual.cpp(653): warning C4996: 'tolua_spine_SkeletoneAnimation_setBlendFunc': 被声明为已否决
          ..\manual\spine\lua_cocos2dx_spine_manual.cpp(344) : 参见“tolua_spine_SkeletoneAnimation_setBlendFunc”的声明
  lua_cocos2dx_ui_manual.cpp
  libluacocos2d.vcxproj -> E:\BowShoot\BowShoot_client\source_code\frameworks\runtime-src\proj.win32\Debug.win32\libluacocos2d.lib
